<?xml version="1.0" encoding="UTF-8"?>
<!-- Generated by org.testng.reporters.JUnitReportReporter -->
<testsuite hostname="Acer-Aspire-E5" failures="0" tests="1" name="testing_journey.appium.Ecommerce_Fill_Form_Add_To_Cart" time="30.743" errors="0" timestamp="2023-09-26T15:43:57 CEST" skipped="0">
  <testcase classname="testing_journey.appium.Ecommerce_Fill_Form_Add_To_Cart" name="fillFormAndAddToCart" time="30.743"/>
</testsuite> <!-- testing_journey.appium.Ecommerce_Fill_Form_Add_To_Cart -->
