<?xml version="1.0" encoding="UTF-8"?>
<!-- Generated by org.testng.reporters.JUnitReportReporter -->
<testsuite hostname="Acer-Aspire-E5" failures="0" tests="1" name="testing_journey.appium.Ecommerce_Fill_Form_Add_To_Cart" time="45.429" errors="0" timestamp="2023-08-16T14:06:30 CEST" skipped="0">
  <testcase classname="testing_journey.appium.Ecommerce_Fill_Form_Add_To_Cart" name="fillFormAndAddToCart" time="45.429"/>
</testsuite> <!-- testing_journey.appium.Ecommerce_Fill_Form_Add_To_Cart -->
