<?xml version="1.0" encoding="UTF-8"?>
<!-- Generated by org.testng.reporters.JUnitReportReporter -->
<testsuite hostname="Acer-Aspire-E5" failures="0" tests="1" name="testing_journey.appium.DragAndDropDemo" time="3.858" errors="0" timestamp="2023-08-16T14:56:36 CEST" skipped="0">
  <testcase classname="testing_journey.appium.DragAndDropDemo" name="dragAndDropAction" time="3.858"/>
</testsuite> <!-- testing_journey.appium.DragAndDropDemo -->
