<?xml version="1.0" encoding="UTF-8"?>
<!-- Generated by org.testng.reporters.JUnitReportReporter -->
<testsuite hostname="Acer-Aspire-E5" failures="0" tests="1" name="testing_journey.appium.Ecommerce_Cart_Total_Validation" time="39.383" errors="0" timestamp="2023-08-16T13:22:33 CEST" skipped="0">
  <testcase classname="testing_journey.appium.Ecommerce_Cart_Total_Validation" name="cartTotalValidation" time="39.383"/>
</testsuite> <!-- testing_journey.appium.Ecommerce_Cart_Total_Validation -->
