<?xml version="1.0" encoding="UTF-8"?>
<!-- Generated by org.testng.reporters.JUnitReportReporter -->
<testsuite hostname="Acer-Aspire-E5" failures="0" tests="1" name="testing_journey.appium.SwipeDemo" time="5.470" errors="0" timestamp="2023-08-16T14:10:50 CEST" skipped="0">
  <testcase classname="testing_journey.appium.SwipeDemo" name="swipeAction" time="5.470"/>
</testsuite> <!-- testing_journey.appium.SwipeDemo -->
