<?xml version="1.0" encoding="UTF-8"?>
<!-- Generated by org.testng.reporters.JUnitReportReporter -->
<testsuite hostname="Acer-Aspire-E5" failures="0" tests="1" name="testing_journey.appium.LongPressGesture" time="9.176" errors="0" timestamp="2023-09-26T15:46:38 CEST" skipped="0">
  <testcase classname="testing_journey.appium.LongPressGesture" name="longPressPeopleItem" time="9.176"/>
</testsuite> <!-- testing_journey.appium.LongPressGesture -->
