<?xml version="1.0" encoding="UTF-8"?>
<!-- Generated by org.testng.reporters.JUnitReportReporter -->
<testsuite hostname="Acer-Aspire-E5" failures="0" tests="1" name="testing_journey.appium.WifiSettingsTest" time="7.655" errors="0" timestamp="2023-08-14T16:06:00 CEST" skipped="0">
  <testcase classname="testing_journey.appium.WifiSettingsTest" name="wifiSettingsTestAppium" time="7.655"/>
</testsuite> <!-- testing_journey.appium.WifiSettingsTest -->
