<?xml version="1.0" encoding="UTF-8"?>
<!-- Generated by org.testng.reporters.JUnitReportReporter -->
<testsuite hostname="Acer-Aspire-E5" failures="0" tests="1" name="testing_journey.appium.ScrollDemo" time="10.925" errors="0" timestamp="2023-08-14T15:32:40 CEST" skipped="0">
  <testcase classname="testing_journey.appium.ScrollDemo" name="scrollDownAction" time="10.925"/>
</testsuite> <!-- testing_journey.appium.ScrollDemo -->
