<?xml version="1.0" encoding="UTF-8"?>
<!-- Generated by org.testng.reporters.JUnitReportReporter -->
<testsuite hostname="Acer-Aspire-E5" failures="0" tests="1" name="testing_journey.appium.ScrollDemo" time="8.898" errors="0" timestamp="2023-08-16T14:59:25 CEST" skipped="0">
  <testcase classname="testing_journey.appium.ScrollDemo" name="scrollDownAction" time="8.898"/>
</testsuite> <!-- testing_journey.appium.ScrollDemo -->
