<?xml version="1.0" encoding="UTF-8"?>
<!-- Generated by org.testng.reporters.JUnitReportReporter -->
<testsuite hostname="Acer-Aspire-E5" failures="0" tests="1" name="testing_journey.appium.DragAndDropDemo" time="4.724" errors="0" timestamp="2023-09-26T15:42:41 CEST" skipped="0">
  <testcase classname="testing_journey.appium.DragAndDropDemo" name="dragAndDropAction" time="4.724"/>
</testsuite> <!-- testing_journey.appium.DragAndDropDemo -->
