<?xml version="1.0" encoding="UTF-8"?>
<!-- Generated by org.testng.reporters.JUnitReportReporter -->
<testsuite hostname="Acer-Aspire-E5" failures="0" tests="1" name="testing_journey.appium.LongPressGesture" time="8.587" errors="0" timestamp="2023-08-14T16:01:54 CEST" skipped="0">
  <testcase classname="testing_journey.appium.LongPressGesture" name="longPressPeopleItem" time="8.587"/>
</testsuite> <!-- testing_journey.appium.LongPressGesture -->
