<?xml version="1.0" encoding="UTF-8"?>
<!-- Generated by org.testng.reporters.JUnitReportReporter -->
<testsuite hostname="Acer-Aspire-E5" failures="0" tests="1" name="testing_journey.appium.SwipeDemo" time="7.288" errors="0" timestamp="2023-09-26T15:50:43 CEST" skipped="0">
  <testcase classname="testing_journey.appium.SwipeDemo" name="swipeAction" time="7.288"/>
</testsuite> <!-- testing_journey.appium.SwipeDemo -->
